13:49:47: Creating resource group General
13:49:47: Creating resource group Internal
13:49:47: Creating resource group Autodetect
13:49:47: Registering ResourceManager for type Mesh
13:49:47: Registering ResourceManager for type Material
13:49:47: Registering ResourceManager for type Skeleton
13:49:47: XMLMeshSerializer reading mesh data from raptor.mesh.xml...
13:49:47: Reading submeshes...
13:49:47: Reading geometry...
13:49:47: Geometry done...
13:49:47: Reading geometry...
13:49:47: Geometry done...
13:49:47: Reading geometry...
13:49:47: Geometry done...
13:49:47: Reading geometry...
13:49:47: Geometry done...
13:49:47: Reading geometry...
13:49:47: Geometry done...
13:49:47: Reading geometry...
13:49:47: Geometry done...
13:49:47: Reading geometry...
13:49:47: Geometry done...
13:49:47: Reading geometry...
13:49:47: Geometry done...
13:49:47: Reading geometry...
13:49:47: Geometry done...
13:49:47: Reading geometry...
13:49:47: Geometry done...
13:49:47: Reading geometry...
13:49:47: Geometry done...
13:49:47: Reading geometry...
13:49:47: Geometry done...
13:49:47: Reading geometry...
13:49:47: Geometry done...
13:49:47: Reading geometry...
13:49:47: Geometry done...
13:49:47: Reading geometry...
13:49:47: Geometry done...
13:49:47: Reading geometry...
13:49:47: Geometry done...
13:49:47: Reading geometry...
13:49:48: Geometry done...
13:49:48: Reading geometry...
13:49:48: Geometry done...
13:49:48: Submeshes done.
13:49:48: XMLMeshSerializer import successful.
13:49:48: Reorganising vertex buffers to automatic layout...
13:49:48: MeshSerializer writing mesh data to stream ...
13:49:48: File header written.
13:49:48: Writing mesh data...
13:49:48: Writing submesh...
13:49:48: Exporting submesh texture aliases...
13:49:48: Submesh texture aliases exported.
13:49:48: Submesh exported.
13:49:48: Writing submesh...
13:49:48: Exporting submesh texture aliases...
13:49:48: Submesh texture aliases exported.
13:49:48: Submesh exported.
13:49:48: Writing submesh...
13:49:48: Exporting submesh texture aliases...
13:49:48: Submesh texture aliases exported.
13:49:48: Submesh exported.
13:49:48: Writing submesh...
13:49:48: Exporting submesh texture aliases...
13:49:48: Submesh texture aliases exported.
13:49:48: Submesh exported.
13:49:48: Writing submesh...
13:49:48: Exporting submesh texture aliases...
13:49:48: Submesh texture aliases exported.
13:49:48: Submesh exported.
13:49:48: Writing submesh...
13:49:48: Exporting submesh texture aliases...
13:49:48: Submesh texture aliases exported.
13:49:48: Submesh exported.
13:49:48: Writing submesh...
13:49:48: Exporting submesh texture aliases...
13:49:48: Submesh texture aliases exported.
13:49:48: Submesh exported.
13:49:48: Writing submesh...
13:49:48: Exporting submesh texture aliases...
13:49:48: Submesh texture aliases exported.
13:49:48: Submesh exported.
13:49:48: Writing submesh...
13:49:48: Exporting submesh texture aliases...
13:49:48: Submesh texture aliases exported.
13:49:48: Submesh exported.
13:49:48: Writing submesh...
13:49:48: Exporting submesh texture aliases...
13:49:48: Submesh texture aliases exported.
13:49:48: Submesh exported.
13:49:48: Writing submesh...
13:49:48: Exporting submesh texture aliases...
13:49:48: Submesh texture aliases exported.
13:49:48: Submesh exported.
13:49:48: Writing submesh...
13:49:48: Exporting submesh texture aliases...
13:49:48: Submesh texture aliases exported.
13:49:48: Submesh exported.
13:49:48: Writing submesh...
13:49:48: Exporting submesh texture aliases...
13:49:48: Submesh texture aliases exported.
13:49:48: Submesh exported.
13:49:48: Writing submesh...
13:49:48: Exporting submesh texture aliases...
13:49:48: Submesh texture aliases exported.
13:49:48: Submesh exported.
13:49:48: Writing submesh...
13:49:48: Exporting submesh texture aliases...
13:49:48: Submesh texture aliases exported.
13:49:48: Submesh exported.
13:49:48: Writing submesh...
13:49:48: Exporting submesh texture aliases...
13:49:48: Submesh texture aliases exported.
13:49:48: Submesh exported.
13:49:48: Writing submesh...
13:49:48: Exporting submesh texture aliases...
13:49:48: Submesh texture aliases exported.
13:49:48: Submesh exported.
13:49:48: Writing submesh...
13:49:48: Exporting submesh texture aliases...
13:49:48: Submesh texture aliases exported.
13:49:48: Submesh exported.
13:49:48: Exporting bounds information....
13:49:48: Bounds information exported.
13:49:48: Exporting submesh name table...
13:49:48: Submesh name table exported.
13:49:48: Exporting edge lists...
13:49:48: Edge lists exported
13:49:48: Mesh data exported.
13:49:48: MeshSerializer export successful.
13:49:48: Unregistering ResourceManager for type Skeleton
13:49:48: Unregistering ResourceManager for type Material
13:49:48: Unregistering ResourceManager for type Mesh
